<?xml version="1.0" encoding="UTF-8"?>
<testng-results ignored="1" total="2" passed="1" failed="0" skipped="0">
  <reporter-output>
  </reporter-output>
  <suite started-at="2026-03-06T15:42:43 IST" name="Default suite" finished-at="2026-03-06T15:42:50 IST" duration-ms="6661">
    <groups>
    </groups>
    <test started-at="2026-03-06T15:42:43 IST" name="Default test" finished-at="2026-03-06T15:42:50 IST" duration-ms="6661">
      <class name="waytoautomation.hyr">
        <test-method is-config="true" signature="launch()[pri:0, instance:waytoautomation.hyr@7c6908d7]" started-at="2026-03-06T15:42:43 IST" name="launch" finished-at="2026-03-06T15:42:46 IST" duration-ms="2572" status="PASS">
          <reporter-output>
          </reporter-output>
        </test-method> <!-- launch -->
        <test-method signature="am()[pri:0, instance:waytoautomation.hyr@7c6908d7]" started-at="2026-03-06T15:42:46 IST" name="am" finished-at="2026-03-06T15:42:50 IST" duration-ms="3909" status="PASS">
          <reporter-output>
          </reporter-output>
        </test-method> <!-- am -->
      </class> <!-- waytoautomation.hyr -->
    </test> <!-- Default test -->
  </suite> <!-- Default suite -->
</testng-results>
